mode: set
github.com/ziscky/toggle-test/internal/games/common.go:27.40,29.34 2 1
github.com/ziscky/toggle-test/internal/games/common.go:29.34,32.3 2 1
github.com/ziscky/toggle-test/internal/games/common.go:35.90,36.18 1 1
github.com/ziscky/toggle-test/internal/games/common.go:37.26,38.43 1 1
github.com/ziscky/toggle-test/internal/games/common.go:39.10,40.67 1 1
github.com/ziscky/toggle-test/internal/games/common.go:44.49,53.27 5 1
github.com/ziscky/toggle-test/internal/games/common.go:53.27,55.3 1 1
github.com/ziscky/toggle-test/internal/games/common.go:60.2,61.29 2 1
github.com/ziscky/toggle-test/internal/games/common.go:61.29,62.28 1 1
github.com/ziscky/toggle-test/internal/games/common.go:62.28,70.4 2 1
github.com/ziscky/toggle-test/internal/games/common.go:71.3,71.36 1 1
github.com/ziscky/toggle-test/internal/games/common.go:71.36,79.4 2 1
github.com/ziscky/toggle-test/internal/games/common.go:81.2,81.14 1 1
github.com/ziscky/toggle-test/internal/games/init.go:12.94,14.16 2 1
github.com/ziscky/toggle-test/internal/games/init.go:14.16,16.3 1 0
github.com/ziscky/toggle-test/internal/games/init.go:17.2,17.63 1 1
github.com/ziscky/toggle-test/internal/games/init.go:17.63,19.3 1 1
github.com/ziscky/toggle-test/internal/games/init.go:20.2,20.12 1 1
github.com/ziscky/toggle-test/api/deck.go:26.93,31.2 1 1
github.com/ziscky/toggle-test/api/deck.go:36.78,46.23 4 1
github.com/ziscky/toggle-test/api/deck.go:46.23,48.3 1 1
github.com/ziscky/toggle-test/api/deck.go:50.2,51.25 2 1
github.com/ziscky/toggle-test/api/deck.go:51.25,53.17 2 1
github.com/ziscky/toggle-test/api/deck.go:53.17,57.4 3 1
github.com/ziscky/toggle-test/api/deck.go:60.2,61.16 2 1
github.com/ziscky/toggle-test/api/deck.go:61.16,65.3 3 1
github.com/ziscky/toggle-test/api/deck.go:67.2,67.13 1 1
github.com/ziscky/toggle-test/api/deck.go:67.13,69.3 1 1
github.com/ziscky/toggle-test/api/deck.go:71.2,72.16 2 1
github.com/ziscky/toggle-test/api/deck.go:72.16,76.3 3 1
github.com/ziscky/toggle-test/api/deck.go:78.2,84.16 3 1
github.com/ziscky/toggle-test/api/deck.go:84.16,88.3 3 0
github.com/ziscky/toggle-test/api/deck.go:89.2,89.48 1 1
github.com/ziscky/toggle-test/api/deck.go:94.76,100.16 4 1
github.com/ziscky/toggle-test/api/deck.go:100.16,103.3 2 1
github.com/ziscky/toggle-test/api/deck.go:105.2,106.16 2 1
github.com/ziscky/toggle-test/api/deck.go:106.16,107.39 1 1
github.com/ziscky/toggle-test/api/deck.go:107.39,110.4 2 1
github.com/ziscky/toggle-test/api/deck.go:111.3,113.9 3 1
github.com/ziscky/toggle-test/api/deck.go:116.2,122.16 4 1
github.com/ziscky/toggle-test/api/deck.go:122.16,126.3 3 0
github.com/ziscky/toggle-test/api/deck.go:127.2,127.48 1 1
github.com/ziscky/toggle-test/api/deck.go:132.76,139.16 5 1
github.com/ziscky/toggle-test/api/deck.go:139.16,142.3 2 1
github.com/ziscky/toggle-test/api/deck.go:144.2,145.20 2 1
github.com/ziscky/toggle-test/api/deck.go:145.20,147.31 2 1
github.com/ziscky/toggle-test/api/deck.go:147.31,150.4 2 1
github.com/ziscky/toggle-test/api/deck.go:153.2,154.16 2 1
github.com/ziscky/toggle-test/api/deck.go:154.16,155.39 1 1
github.com/ziscky/toggle-test/api/deck.go:155.39,158.4 2 1
github.com/ziscky/toggle-test/api/deck.go:159.3,161.9 3 1
github.com/ziscky/toggle-test/api/deck.go:164.2,166.100 2 1
github.com/ziscky/toggle-test/api/deck.go:166.100,170.3 3 1
github.com/ziscky/toggle-test/api/deck.go:172.2,173.28 2 1
github.com/ziscky/toggle-test/api/deck.go:173.28,175.3 1 1
github.com/ziscky/toggle-test/api/deck.go:177.2,180.16 2 1
github.com/ziscky/toggle-test/api/deck.go:180.16,184.3 3 0
github.com/ziscky/toggle-test/api/deck.go:185.2,185.48 1 1
github.com/ziscky/toggle-test/api/tools.go:8.48,10.2 1 1
github.com/ziscky/toggle-test/api/tools.go:12.82,14.2 1 1
github.com/ziscky/toggle-test/api/tools.go:16.81,17.33 1 1
github.com/ziscky/toggle-test/api/tools.go:17.33,19.3 1 1
github.com/ziscky/toggle-test/api/tools.go:20.2,21.19 2 1
github.com/ziscky/toggle-test/api/structures/card.go:13.46,19.2 1 1
github.com/ziscky/toggle-test/api/structures/card.go:22.46,28.2 1 1
github.com/ziscky/toggle-test/api/structures/deck.go:18.46,20.28 2 1
github.com/ziscky/toggle-test/api/structures/deck.go:20.28,23.3 2 1
github.com/ziscky/toggle-test/api/structures/deck.go:24.2,29.3 1 1
github.com/ziscky/toggle-test/api/structures/deck.go:33.55,35.28 2 1
github.com/ziscky/toggle-test/api/structures/deck.go:35.28,38.3 2 1
github.com/ziscky/toggle-test/api/structures/deck.go:40.2,41.16 2 1
github.com/ziscky/toggle-test/api/structures/deck.go:41.16,43.3 1 1
github.com/ziscky/toggle-test/api/structures/deck.go:45.2,49.8 1 1
github.com/ziscky/toggle-test/internal/sql/cards.go:16.79,17.68 1 1
github.com/ziscky/toggle-test/internal/sql/cards.go:17.68,24.3 1 1
github.com/ziscky/toggle-test/internal/sql/cards.go:25.2,25.16 1 1
github.com/ziscky/toggle-test/internal/sql/cards.go:25.16,27.33 2 0
github.com/ziscky/toggle-test/internal/sql/cards.go:27.33,28.57 1 0
github.com/ziscky/toggle-test/internal/sql/cards.go:28.57,30.5 1 0
github.com/ziscky/toggle-test/internal/sql/cards.go:32.3,32.48 1 0
github.com/ziscky/toggle-test/internal/sql/cards.go:34.2,34.12 1 1
github.com/ziscky/toggle-test/internal/sql/cards.go:39.88,42.20 3 1
github.com/ziscky/toggle-test/internal/sql/cards.go:42.20,44.3 1 1
github.com/ziscky/toggle-test/internal/sql/cards.go:45.2,46.16 2 1
github.com/ziscky/toggle-test/internal/sql/cards.go:46.16,48.3 1 0
github.com/ziscky/toggle-test/internal/sql/cards.go:51.2,51.48 1 1
github.com/ziscky/toggle-test/internal/sql/cards.go:51.48,52.30 1 1
github.com/ziscky/toggle-test/internal/sql/cards.go:52.30,54.31 2 1
github.com/ziscky/toggle-test/internal/sql/cards.go:54.31,55.26 1 0
github.com/ziscky/toggle-test/internal/sql/cards.go:55.26,57.11 2 0
github.com/ziscky/toggle-test/internal/sql/cards.go:60.4,60.14 1 1
github.com/ziscky/toggle-test/internal/sql/cards.go:60.14,62.5 1 1
github.com/ziscky/toggle-test/internal/sql/cards.go:66.2,66.19 1 1
github.com/ziscky/toggle-test/internal/sql/deck_cards.go:14.83,16.2 1 1
github.com/ziscky/toggle-test/internal/sql/deck_cards.go:19.132,21.29 2 1
github.com/ziscky/toggle-test/internal/sql/deck_cards.go:21.29,23.3 1 1
github.com/ziscky/toggle-test/internal/sql/deck_cards.go:25.2,25.68 1 1
github.com/ziscky/toggle-test/internal/sql/deck_cards.go:25.68,28.33 2 1
github.com/ziscky/toggle-test/internal/sql/deck_cards.go:28.33,30.4 1 0
github.com/ziscky/toggle-test/internal/sql/deck_cards.go:32.3,32.42 1 1
github.com/ziscky/toggle-test/internal/sql/deck_cards.go:32.42,34.4 1 1
github.com/ziscky/toggle-test/internal/sql/deck_cards.go:35.3,35.13 1 1
github.com/ziscky/toggle-test/internal/sql/deck_cards.go:37.2,37.16 1 1
github.com/ziscky/toggle-test/internal/sql/deck_cards.go:37.16,39.3 1 1
github.com/ziscky/toggle-test/internal/sql/deck_cards.go:41.2,41.12 1 1
github.com/ziscky/toggle-test/internal/sql/decks.go:18.88,20.76 2 1
github.com/ziscky/toggle-test/internal/sql/decks.go:20.76,28.17 2 1
github.com/ziscky/toggle-test/internal/sql/decks.go:28.17,30.4 1 0
github.com/ziscky/toggle-test/internal/sql/decks.go:31.3,35.19 3 1
github.com/ziscky/toggle-test/internal/sql/decks.go:35.19,39.122 3 1
github.com/ziscky/toggle-test/internal/sql/decks.go:39.122,41.5 1 0
github.com/ziscky/toggle-test/internal/sql/decks.go:44.4,44.32 1 1
github.com/ziscky/toggle-test/internal/sql/decks.go:44.32,46.19 2 1
github.com/ziscky/toggle-test/internal/sql/decks.go:46.19,48.6 1 0
github.com/ziscky/toggle-test/internal/sql/decks.go:52.4,52.41 1 1
github.com/ziscky/toggle-test/internal/sql/decks.go:52.41,54.5 1 1
github.com/ziscky/toggle-test/internal/sql/decks.go:55.4,55.41 1 1
github.com/ziscky/toggle-test/internal/sql/decks.go:57.3,57.13 1 1
github.com/ziscky/toggle-test/internal/sql/decks.go:59.2,59.16 1 1
github.com/ziscky/toggle-test/internal/sql/decks.go:59.16,61.3 1 0
github.com/ziscky/toggle-test/internal/sql/decks.go:62.2,62.30 1 1
github.com/ziscky/toggle-test/internal/sql/decks.go:62.30,64.3 1 1
github.com/ziscky/toggle-test/internal/sql/decks.go:65.2,65.19 1 1
github.com/ziscky/toggle-test/internal/sql/decks.go:69.109,72.29 3 1
github.com/ziscky/toggle-test/internal/sql/decks.go:72.29,80.3 1 1
github.com/ziscky/toggle-test/internal/sql/decks.go:82.2,89.68 2 1
github.com/ziscky/toggle-test/internal/sql/decks.go:89.68,91.17 2 1
github.com/ziscky/toggle-test/internal/sql/decks.go:91.17,93.4 1 0
github.com/ziscky/toggle-test/internal/sql/decks.go:95.3,95.58 1 1
github.com/ziscky/toggle-test/internal/sql/decks.go:95.58,97.4 1 1
github.com/ziscky/toggle-test/internal/sql/decks.go:98.3,98.13 1 1
github.com/ziscky/toggle-test/internal/sql/decks.go:100.2,100.16 1 1
github.com/ziscky/toggle-test/internal/sql/decks.go:100.16,102.33 2 1
github.com/ziscky/toggle-test/internal/sql/decks.go:102.33,103.57 1 1
github.com/ziscky/toggle-test/internal/sql/decks.go:103.57,105.5 1 1
github.com/ziscky/toggle-test/internal/sql/decks.go:107.3,107.18 1 0
github.com/ziscky/toggle-test/internal/sql/decks.go:109.2,109.18 1 1
github.com/ziscky/toggle-test/internal/sql/sql.go:32.47,34.16 2 1
github.com/ziscky/toggle-test/internal/sql/sql.go:34.16,36.3 1 0
github.com/ziscky/toggle-test/internal/sql/sql.go:38.2,41.8 1 1
github.com/ziscky/toggle-test/internal/sql/sql.go:45.73,49.52 3 1
github.com/ziscky/toggle-test/internal/sql/sql.go:49.52,51.3 1 0
github.com/ziscky/toggle-test/internal/sql/sql.go:53.2,53.53 1 1
github.com/ziscky/toggle-test/internal/sql/sql.go:53.53,55.3 1 0
github.com/ziscky/toggle-test/internal/sql/sql.go:56.2,56.12 1 1
