mode: set
github.com/ziscky/toggle-test/api/deck.go:26.93,31.2 1 1
github.com/ziscky/toggle-test/api/deck.go:36.78,46.23 4 1
github.com/ziscky/toggle-test/api/deck.go:46.23,48.3 1 1
github.com/ziscky/toggle-test/api/deck.go:50.2,51.25 2 1
github.com/ziscky/toggle-test/api/deck.go:51.25,53.17 2 1
github.com/ziscky/toggle-test/api/deck.go:53.17,57.4 3 1
github.com/ziscky/toggle-test/api/deck.go:60.2,61.16 2 1
github.com/ziscky/toggle-test/api/deck.go:61.16,65.3 3 1
github.com/ziscky/toggle-test/api/deck.go:67.2,67.13 1 1
github.com/ziscky/toggle-test/api/deck.go:67.13,69.3 1 1
github.com/ziscky/toggle-test/api/deck.go:71.2,72.16 2 1
github.com/ziscky/toggle-test/api/deck.go:72.16,76.3 3 1
github.com/ziscky/toggle-test/api/deck.go:78.2,84.16 3 1
github.com/ziscky/toggle-test/api/deck.go:84.16,88.3 3 0
github.com/ziscky/toggle-test/api/deck.go:89.2,89.48 1 1
github.com/ziscky/toggle-test/api/deck.go:94.76,100.16 4 1
github.com/ziscky/toggle-test/api/deck.go:100.16,103.3 2 1
github.com/ziscky/toggle-test/api/deck.go:105.2,106.16 2 1
github.com/ziscky/toggle-test/api/deck.go:106.16,107.39 1 1
github.com/ziscky/toggle-test/api/deck.go:107.39,110.4 2 1
github.com/ziscky/toggle-test/api/deck.go:111.3,113.9 3 1
github.com/ziscky/toggle-test/api/deck.go:116.2,122.16 4 1
github.com/ziscky/toggle-test/api/deck.go:122.16,126.3 3 0
github.com/ziscky/toggle-test/api/deck.go:127.2,127.48 1 1
github.com/ziscky/toggle-test/api/deck.go:132.76,139.16 5 1
github.com/ziscky/toggle-test/api/deck.go:139.16,142.3 2 1
github.com/ziscky/toggle-test/api/deck.go:144.2,145.20 2 1
github.com/ziscky/toggle-test/api/deck.go:145.20,147.31 2 1
github.com/ziscky/toggle-test/api/deck.go:147.31,150.4 2 1
github.com/ziscky/toggle-test/api/deck.go:153.2,154.16 2 1
github.com/ziscky/toggle-test/api/deck.go:154.16,155.39 1 1
github.com/ziscky/toggle-test/api/deck.go:155.39,158.4 2 1
github.com/ziscky/toggle-test/api/deck.go:159.3,161.9 3 1
github.com/ziscky/toggle-test/api/deck.go:164.2,164.29 1 1
github.com/ziscky/toggle-test/api/deck.go:164.29,167.3 2 0
github.com/ziscky/toggle-test/api/deck.go:169.2,171.100 2 1
github.com/ziscky/toggle-test/api/deck.go:171.100,175.3 3 1
github.com/ziscky/toggle-test/api/deck.go:177.2,178.28 2 1
github.com/ziscky/toggle-test/api/deck.go:178.28,180.3 1 1
github.com/ziscky/toggle-test/api/deck.go:182.2,185.16 2 1
github.com/ziscky/toggle-test/api/deck.go:185.16,189.3 3 0
github.com/ziscky/toggle-test/api/deck.go:190.2,190.48 1 1
github.com/ziscky/toggle-test/api/tools.go:8.48,10.2 1 1
github.com/ziscky/toggle-test/api/tools.go:12.82,14.2 1 1
github.com/ziscky/toggle-test/api/tools.go:16.81,17.33 1 1
github.com/ziscky/toggle-test/api/tools.go:17.33,19.3 1 1
github.com/ziscky/toggle-test/api/tools.go:20.2,21.19 2 1
github.com/ziscky/toggle-test/api/structures/card.go:13.46,19.2 1 1
github.com/ziscky/toggle-test/api/structures/card.go:22.46,28.2 1 1
github.com/ziscky/toggle-test/api/structures/deck.go:18.46,20.28 2 1
github.com/ziscky/toggle-test/api/structures/deck.go:20.28,23.3 2 1
github.com/ziscky/toggle-test/api/structures/deck.go:24.2,29.3 1 1
github.com/ziscky/toggle-test/api/structures/deck.go:33.55,35.28 2 1
github.com/ziscky/toggle-test/api/structures/deck.go:35.28,38.3 2 1
github.com/ziscky/toggle-test/api/structures/deck.go:40.2,41.16 2 1
github.com/ziscky/toggle-test/api/structures/deck.go:41.16,43.3 1 1
github.com/ziscky/toggle-test/api/structures/deck.go:45.2,49.8 1 1
github.com/ziscky/toggle-test/internal/games/common.go:27.40,29.34 2 1
github.com/ziscky/toggle-test/internal/games/common.go:29.34,32.3 2 1
github.com/ziscky/toggle-test/internal/games/common.go:35.90,36.18 1 1
github.com/ziscky/toggle-test/internal/games/common.go:37.26,38.43 1 1
github.com/ziscky/toggle-test/internal/games/common.go:39.10,40.67 1 1
github.com/ziscky/toggle-test/internal/games/common.go:44.49,53.27 5 1
github.com/ziscky/toggle-test/internal/games/common.go:53.27,55.3 1 1
github.com/ziscky/toggle-test/internal/games/common.go:60.2,61.29 2 1
github.com/ziscky/toggle-test/internal/games/common.go:61.29,62.28 1 1
github.com/ziscky/toggle-test/internal/games/common.go:62.28,70.4 2 1
github.com/ziscky/toggle-test/internal/games/common.go:71.3,71.36 1 1
github.com/ziscky/toggle-test/internal/games/common.go:71.36,79.4 2 1
github.com/ziscky/toggle-test/internal/games/common.go:81.2,81.14 1 1
github.com/ziscky/toggle-test/internal/games/init.go:12.94,14.16 2 1
github.com/ziscky/toggle-test/internal/games/init.go:14.16,16.3 1 0
github.com/ziscky/toggle-test/internal/games/init.go:17.2,17.63 1 1
github.com/ziscky/toggle-test/internal/games/init.go:17.63,19.3 1 1
github.com/ziscky/toggle-test/internal/games/init.go:20.2,20.12 1 1
github.com/ziscky/toggle-test/internal/sql/cards.go:14.79,15.68 1 1
github.com/ziscky/toggle-test/internal/sql/cards.go:15.68,22.3 1 1
github.com/ziscky/toggle-test/internal/sql/cards.go:23.2,23.16 1 1
github.com/ziscky/toggle-test/internal/sql/cards.go:23.16,25.3 1 0
github.com/ziscky/toggle-test/internal/sql/cards.go:26.2,26.12 1 1
github.com/ziscky/toggle-test/internal/sql/cards.go:31.88,34.20 3 1
github.com/ziscky/toggle-test/internal/sql/cards.go:34.20,36.3 1 1
github.com/ziscky/toggle-test/internal/sql/cards.go:37.2,38.16 2 1
github.com/ziscky/toggle-test/internal/sql/cards.go:38.16,40.3 1 0
github.com/ziscky/toggle-test/internal/sql/cards.go:43.2,43.48 1 1
github.com/ziscky/toggle-test/internal/sql/cards.go:43.48,44.30 1 1
github.com/ziscky/toggle-test/internal/sql/cards.go:44.30,46.31 2 1
github.com/ziscky/toggle-test/internal/sql/cards.go:46.31,47.26 1 0
github.com/ziscky/toggle-test/internal/sql/cards.go:47.26,49.11 2 0
github.com/ziscky/toggle-test/internal/sql/cards.go:52.4,52.14 1 1
github.com/ziscky/toggle-test/internal/sql/cards.go:52.14,54.5 1 1
github.com/ziscky/toggle-test/internal/sql/cards.go:58.2,58.19 1 1
github.com/ziscky/toggle-test/internal/sql/deck_cards.go:14.83,17.2 1 1
github.com/ziscky/toggle-test/internal/sql/deck_cards.go:20.132,22.29 2 1
github.com/ziscky/toggle-test/internal/sql/deck_cards.go:22.29,24.3 1 1
github.com/ziscky/toggle-test/internal/sql/deck_cards.go:26.2,26.68 1 1
github.com/ziscky/toggle-test/internal/sql/deck_cards.go:26.68,29.33 2 1
github.com/ziscky/toggle-test/internal/sql/deck_cards.go:29.33,31.4 1 0
github.com/ziscky/toggle-test/internal/sql/deck_cards.go:33.3,33.42 1 1
github.com/ziscky/toggle-test/internal/sql/deck_cards.go:33.42,35.4 1 1
github.com/ziscky/toggle-test/internal/sql/deck_cards.go:36.3,36.13 1 1
github.com/ziscky/toggle-test/internal/sql/deck_cards.go:38.2,38.16 1 1
github.com/ziscky/toggle-test/internal/sql/deck_cards.go:38.16,40.3 1 1
github.com/ziscky/toggle-test/internal/sql/deck_cards.go:42.2,42.12 1 1
github.com/ziscky/toggle-test/internal/sql/decks.go:18.88,20.68 2 1
github.com/ziscky/toggle-test/internal/sql/decks.go:20.68,28.17 2 1
github.com/ziscky/toggle-test/internal/sql/decks.go:28.17,30.4 1 0
github.com/ziscky/toggle-test/internal/sql/decks.go:31.3,35.19 3 1
github.com/ziscky/toggle-test/internal/sql/decks.go:35.19,39.122 3 1
github.com/ziscky/toggle-test/internal/sql/decks.go:39.122,41.5 1 0
github.com/ziscky/toggle-test/internal/sql/decks.go:44.4,44.32 1 1
github.com/ziscky/toggle-test/internal/sql/decks.go:44.32,46.19 2 1
github.com/ziscky/toggle-test/internal/sql/decks.go:46.19,48.6 1 0
github.com/ziscky/toggle-test/internal/sql/decks.go:52.4,52.41 1 1
github.com/ziscky/toggle-test/internal/sql/decks.go:52.41,54.5 1 1
github.com/ziscky/toggle-test/internal/sql/decks.go:55.4,55.41 1 1
github.com/ziscky/toggle-test/internal/sql/decks.go:57.3,57.13 1 1
github.com/ziscky/toggle-test/internal/sql/decks.go:59.2,59.16 1 1
github.com/ziscky/toggle-test/internal/sql/decks.go:59.16,61.3 1 0
github.com/ziscky/toggle-test/internal/sql/decks.go:62.2,62.30 1 1
github.com/ziscky/toggle-test/internal/sql/decks.go:62.30,64.71 1 1
github.com/ziscky/toggle-test/internal/sql/decks.go:64.71,66.4 1 1
github.com/ziscky/toggle-test/internal/sql/decks.go:68.2,68.19 1 1
github.com/ziscky/toggle-test/internal/sql/decks.go:72.109,75.29 3 1
github.com/ziscky/toggle-test/internal/sql/decks.go:75.29,83.3 1 1
github.com/ziscky/toggle-test/internal/sql/decks.go:85.2,92.68 2 1
github.com/ziscky/toggle-test/internal/sql/decks.go:92.68,94.17 2 1
github.com/ziscky/toggle-test/internal/sql/decks.go:94.17,96.4 1 0
github.com/ziscky/toggle-test/internal/sql/decks.go:98.3,98.58 1 1
github.com/ziscky/toggle-test/internal/sql/decks.go:98.58,100.4 1 1
github.com/ziscky/toggle-test/internal/sql/decks.go:101.3,101.13 1 1
github.com/ziscky/toggle-test/internal/sql/decks.go:103.2,103.16 1 1
github.com/ziscky/toggle-test/internal/sql/decks.go:103.16,105.33 2 1
github.com/ziscky/toggle-test/internal/sql/decks.go:105.33,106.57 1 1
github.com/ziscky/toggle-test/internal/sql/decks.go:106.57,108.5 1 1
github.com/ziscky/toggle-test/internal/sql/decks.go:110.3,110.18 1 0
github.com/ziscky/toggle-test/internal/sql/decks.go:112.2,112.18 1 1
github.com/ziscky/toggle-test/internal/sql/sql.go:32.47,34.16 2 1
github.com/ziscky/toggle-test/internal/sql/sql.go:34.16,36.3 1 0
github.com/ziscky/toggle-test/internal/sql/sql.go:38.2,41.8 1 1
github.com/ziscky/toggle-test/internal/sql/sql.go:45.73,49.52 3 1
github.com/ziscky/toggle-test/internal/sql/sql.go:49.52,51.3 1 0
github.com/ziscky/toggle-test/internal/sql/sql.go:53.2,53.53 1 1
github.com/ziscky/toggle-test/internal/sql/sql.go:53.53,55.3 1 0
github.com/ziscky/toggle-test/internal/sql/sql.go:56.2,56.12 1 1
